-------------------------------------------------------------------------------
Test set: runner.TestRunner
-------------------------------------------------------------------------------
Tests run: 1, Failures: 0, Errors: 1, Skipped: 0, Time elapsed: 0.188 s <<< FAILURE! - in runner.TestRunner
initializationError(runner.TestRunner)  Time elapsed: 0.016 s  <<< ERROR!
java.lang.IllegalArgumentException: The glue path contained invalid identifiers C:/Users/15716/eclipse-workspace/com.capstonproject.assignment/src/test/java/stepDefinations

